<?xml version="1.0" encoding="UTF-8"?>
<testsuite xmlns:xsi="http://www.w3.org/2001/XMLSchema-instance" xsi:noNamespaceSchemaLocation="https://maven.apache.org/surefire/maven-surefire-plugin/xsd/surefire-test-report-3.0.xsd" version="3.0" name="TestSuite" time="17.722" tests="2" errors="0" skipped="0" failures="0">
  <properties>
[...]
</properties>
  <testcase name="testFullUiFlow" classname="com.parabank.tests.ParaBankTests" time="4.593">
    <system-err><![CDATA[SLF4J: Failed to load class "org.slf4j.impl.StaticLoggerBinder".
SLF4J: Defaulting to no-operation (NOP) logger implementation
SLF4J: See http://www.slf4j.org/codes.html#StaticLoggerBinder for further details.
]]></system-err>
  </testcase>
  <testcase name="testFindTransactionByApi" classname="com.parabank.tests.ParaBankTests" time="3.525">
    <system-out><![CDATA[[
    {
        "id": 31348,
        "accountId": 23889,
        "type": "Debit",
        "date": 1754784000000,
        "amount": 25.00,
        "description": "Bill Payment to Test Payee"
    }
]
]]></system-out>
  </testcase>
</testsuite>